<?xml version="1.0" encoding="UTF-8"?>
<testsuites name="Regression Suite" time="147" tests="0" failures="3" errors="0">
   <testsuite name="Regression Suite" tests="0" failures="3" errors="0" time="147" timestamp="2018-12-14 13:35:31" hostname="LTTECH1815$ - LTTECH1815.mshome.net" id="Test Suites/Regression Suite">
      <properties>
         <property name="deviceName" value=""/>
         <property name="devicePlatform" value=""/>
         <property name="logFolder" value="C:\\Users\\kwainaina\\Katalon Studio\\Ken Presentation\\Reports\\Regression Suite\\20181214_133524"/>
         <property name="logFiles" value="C:\\Users\\kwainaina\\Katalon Studio\\Ken Presentation\\Reports\\Regression Suite\\20181214_133524\\execution0.log"/>
         <property name="attachments" value="C:\\Users\\kwainaina\\Katalon Studio\\Ken Presentation\\Reports\\Regression Suite\\20181214_133524\\1544783802478.png, C:\\Users\\kwainaina\\Katalon Studio\\Ken Presentation\\Reports\\Regression Suite\\20181214_133524\\1544783854797.png, C:\\Users\\kwainaina\\Katalon Studio\\Ken Presentation\\Reports\\Regression Suite\\20181214_133524\\1544783877478.png"/>
         <property name="hostName" value="LTTECH1815$ - LTTECH1815.mshome.net"/>
         <property name="os" value="Windows 10 64bit"/>
         <property name="katalonVersion" value="5.9.1.2"/>
         <property name="browser" value="Chrome 70.0.3538.110"/>
         <property name="hostAddress" value="172.28.120.177"/>
         <property name="sessionId" value="4ee1358a9ed65ab956cbdb6834d9dcab"/>
         <property name="seleniumVersion" value="3.7.1"/>
         <property name="proxyInformation" value="ProxyInformation{proxyOption=NO_PROXY, proxyServerType=HTTP, password=, proxyServerAddress=, proxyServerPort=0}"/>
         <property name="platform" value="Windows 10"/>
      </properties>
      <testcase name="Test Cases/Masoko SignUp" classname="Test Cases/Masoko SignUp" status="FAILED">
         <failure type="FAILED" message="Test Cases/Masoko SignUp FAILED.
Reason:
com.kms.katalon.core.exception.StepFailedException: Unable to click on object 'Object Repository/Masoko SignUp/Page_Shop Online in Kenya - Pay Con/span_Register' (Root cause: com.kms.katalon.core.webui.exception.WebElementNotFoundException: Web element with id: 'Object Repository/Masoko SignUp/Page_Shop Online in Kenya - Pay Con/span_Register' located by 'By.xpath: (.//*[normalize-space(text()) and normalize-space(.)='You have no items in your shopping cart.'])[1]/following::span[1]' not found)
	at com.kms.katalon.core.keyword.internal.KeywordMain.stepFailed(KeywordMain.groovy:36)
	at com.kms.katalon.core.webui.keyword.internal.WebUIKeywordMain.stepFailed(WebUIKeywordMain.groovy:65)
	at com.kms.katalon.core.webui.keyword.internal.WebUIKeywordMain.runKeyword(WebUIKeywordMain.groovy:27)
	at com.kms.katalon.core.webui.keyword.builtin.ClickKeyword.click(ClickKeyword.groovy:86)
	at com.kms.katalon.core.webui.keyword.builtin.ClickKeyword.execute(ClickKeyword.groovy:67)
	at com.kms.katalon.core.keyword.internal.KeywordExecutor.executeKeywordForPlatform(KeywordExecutor.groovy:53)
	at com.kms.katalon.core.webui.keyword.WebUiBuiltInKeywords.click(WebUiBuiltInKeywords.groovy:616)
	at com.kms.katalon.core.webui.keyword.WebUiBuiltInKeywords$click$1.call(Unknown Source)
	at Masoko SignUp.run(Masoko SignUp:20)
	at com.kms.katalon.core.main.ScriptEngine.run(ScriptEngine.java:194)
	at com.kms.katalon.core.main.ScriptEngine.runScriptAsRawText(ScriptEngine.java:119)
	at com.kms.katalon.core.main.TestCaseExecutor.runScript(TestCaseExecutor.java:321)
	at com.kms.katalon.core.main.TestCaseExecutor.doExecute(TestCaseExecutor.java:312)
	at com.kms.katalon.core.main.TestCaseExecutor.processExecutionPhase(TestCaseExecutor.java:291)
	at com.kms.katalon.core.main.TestCaseExecutor.accessMainPhase(TestCaseExecutor.java:283)
	at com.kms.katalon.core.main.TestCaseExecutor.execute(TestCaseExecutor.java:222)
	at com.kms.katalon.core.main.TestSuiteExecutor.accessTestCaseMainPhase(TestSuiteExecutor.java:129)
	at com.kms.katalon.core.main.TestSuiteExecutor.accessTestSuiteMainPhase(TestSuiteExecutor.java:112)
	at com.kms.katalon.core.main.TestSuiteExecutor.execute(TestSuiteExecutor.java:81)
	at com.kms.katalon.core.main.TestCaseMain.startTestSuite(TestCaseMain.java:149)
	at com.kms.katalon.core.main.TestCaseMain$startTestSuite$0.call(Unknown Source)
	at TempTestSuite1544783724998.run(TempTestSuite1544783724998.groovy:36)
"/>
         <system-out><![CDATA[2018-12-14 13:35:31 - [TEST_CASE][FAILED] - Test Cases/Masoko SignUp: Test Cases/Masoko SignUp FAILED.
Reason:
com.kms.katalon.core.exception.StepFailedException: Unable to click on object 'Object Repository/Masoko SignUp/Page_Shop Online in Kenya - Pay Con/span_Register' (Root cause: com.kms.katalon.core.webui.exception.WebElementNotFoundException: Web element with id: 'Object Repository/Masoko SignUp/Page_Shop Online in Kenya - Pay Con/span_Register' located by 'By.xpath: (.//*[normalize-space(text()) and normalize-space(.)='You have no items in your shopping cart.'])[1]/following::span[1]' not found)
	at com.kms.katalon.core.keyword.internal.KeywordMain.stepFailed(KeywordMain.groovy:36)
	at com.kms.katalon.core.webui.keyword.internal.WebUIKeywordMain.stepFailed(WebUIKeywordMain.groovy:65)
	at com.kms.katalon.core.webui.keyword.internal.WebUIKeywordMain.runKeyword(WebUIKeywordMain.groovy:27)
	at com.kms.katalon.core.webui.keyword.builtin.ClickKeyword.click(ClickKeyword.groovy:86)
	at com.kms.katalon.core.webui.keyword.builtin.ClickKeyword.execute(ClickKeyword.groovy:67)
	at com.kms.katalon.core.keyword.internal.KeywordExecutor.executeKeywordForPlatform(KeywordExecutor.groovy:53)
	at com.kms.katalon.core.webui.keyword.WebUiBuiltInKeywords.click(WebUiBuiltInKeywords.groovy:616)
	at com.kms.katalon.core.webui.keyword.WebUiBuiltInKeywords$click$1.call(Unknown Source)
	at Masoko SignUp.run(Masoko SignUp:20)
	at com.kms.katalon.core.main.ScriptEngine.run(ScriptEngine.java:194)
	at com.kms.katalon.core.main.ScriptEngine.runScriptAsRawText(ScriptEngine.java:119)
	at com.kms.katalon.core.main.TestCaseExecutor.runScript(TestCaseExecutor.java:321)
	at com.kms.katalon.core.main.TestCaseExecutor.doExecute(TestCaseExecutor.java:312)
	at com.kms.katalon.core.main.TestCaseExecutor.processExecutionPhase(TestCaseExecutor.java:291)
	at com.kms.katalon.core.main.TestCaseExecutor.accessMainPhase(TestCaseExecutor.java:283)
	at com.kms.katalon.core.main.TestCaseExecutor.execute(TestCaseExecutor.java:222)
	at com.kms.katalon.core.main.TestSuiteExecutor.accessTestCaseMainPhase(TestSuiteExecutor.java:129)
	at com.kms.katalon.core.main.TestSuiteExecutor.accessTestSuiteMainPhase(TestSuiteExecutor.java:112)
	at com.kms.katalon.core.main.TestSuiteExecutor.execute(TestSuiteExecutor.java:81)
	at com.kms.katalon.core.main.TestCaseMain.startTestSuite(TestCaseMain.java:149)
	at com.kms.katalon.core.main.TestCaseMain$startTestSuite$0.call(Unknown Source)
	at TempTestSuite1544783724998.run(TempTestSuite1544783724998.groovy:36)


2018-12-14 13:35:33 - [TEST_STEP][PASSED] - openBrowser(""): Browser is opened with url: ''

2018-12-14 13:35:34 - [MESSAGE][INFO] - Starting 'Chrome' driver

2018-12-14 13:35:34 - [MESSAGE][INFO] - Action delay is set to 0 seconds

2018-12-14 13:35:40 - [MESSAGE][PASSED] - Browser is opened with url: ''

2018-12-14 13:35:40 - [TEST_STEP][PASSED] - navigateToUrl("https://www.masoko.com/"): Navigate to 'https://www.masoko.com/' successfully

2018-12-14 13:36:10 - [MESSAGE][PASSED] - Navigate to 'https://www.masoko.com/' successfully

2018-12-14 13:36:10 - [TEST_STEP][FAILED] - click(findTestObject("Object Repository/Masoko SignUp/Page_Shop Online in Kenya - Pay Con/span_Register")): click(findTestObject("Object Repository/Masoko SignUp/Page_Shop Online in Kenya - Pay Con/span_Register")) FAILED.
Reason:
com.kms.katalon.core.exception.StepFailedException: Unable to click on object 'Object Repository/Masoko SignUp/Page_Shop Online in Kenya - Pay Con/span_Register' (Root cause: com.kms.katalon.core.webui.exception.WebElementNotFoundException: Web element with id: 'Object Repository/Masoko SignUp/Page_Shop Online in Kenya - Pay Con/span_Register' located by 'By.xpath: (.//*[normalize-space(text()) and normalize-space(.)='You have no items in your shopping cart.'])[1]/following::span[1]' not found)
	at com.kms.katalon.core.keyword.internal.KeywordMain.stepFailed(KeywordMain.groovy:36)
	at com.kms.katalon.core.webui.keyword.internal.WebUIKeywordMain.stepFailed(WebUIKeywordMain.groovy:65)
	at com.kms.katalon.core.webui.keyword.internal.WebUIKeywordMain.runKeyword(WebUIKeywordMain.groovy:27)
	at com.kms.katalon.core.webui.keyword.builtin.ClickKeyword.click(ClickKeyword.groovy:86)
	at com.kms.katalon.core.webui.keyword.builtin.ClickKeyword.execute(ClickKeyword.groovy:67)
	at com.kms.katalon.core.keyword.internal.KeywordExecutor.executeKeywordForPlatform(KeywordExecutor.groovy:53)
	at com.kms.katalon.core.webui.keyword.WebUiBuiltInKeywords.click(WebUiBuiltInKeywords.groovy:616)
	at com.kms.katalon.core.webui.keyword.WebUiBuiltInKeywords$click$1.call(Unknown Source)
	at Masoko SignUp.run(Masoko SignUp:20)
	at com.kms.katalon.core.main.ScriptEngine.run(ScriptEngine.java:194)
	at com.kms.katalon.core.main.ScriptEngine.runScriptAsRawText(ScriptEngine.java:119)
	at com.kms.katalon.core.main.TestCaseExecutor.runScript(TestCaseExecutor.java:321)
	at com.kms.katalon.core.main.TestCaseExecutor.doExecute(TestCaseExecutor.java:312)
	at com.kms.katalon.core.main.TestCaseExecutor.processExecutionPhase(TestCaseExecutor.java:291)
	at com.kms.katalon.core.main.TestCaseExecutor.accessMainPhase(TestCaseExecutor.java:283)
	at com.kms.katalon.core.main.TestCaseExecutor.execute(TestCaseExecutor.java:222)
	at com.kms.katalon.core.main.TestSuiteExecutor.accessTestCaseMainPhase(TestSuiteExecutor.java:129)
	at com.kms.katalon.core.main.TestSuiteExecutor.accessTestSuiteMainPhase(TestSuiteExecutor.java:112)
	at com.kms.katalon.core.main.TestSuiteExecutor.execute(TestSuiteExecutor.java:81)
	at com.kms.katalon.core.main.TestCaseMain.startTestSuite(TestCaseMain.java:149)
	at com.kms.katalon.core.main.TestCaseMain$startTestSuite$0.call(Unknown Source)
	at TempTestSuite1544783724998.run(TempTestSuite1544783724998.groovy:36)


2018-12-14 13:36:42 - [MESSAGE][INFO] - Unable to find the element located by 'By.xpath: (.//*[normalize-space(text()) and normalize-space(.)='You have no items in your shopping cart.'])[1]/following::span[1]'. Please recheck the objects properties to make sure the desired element is located. 

2018-12-14 13:36:42 - [MESSAGE][FAILED] - Unable to click on object 'Object Repository/Masoko SignUp/Page_Shop Online in Kenya - Pay Con/span_Register' (Root cause: com.kms.katalon.core.webui.exception.WebElementNotFoundException: Web element with id: 'Object Repository/Masoko SignUp/Page_Shop Online in Kenya - Pay Con/span_Register' located by 'By.xpath: (.//*[normalize-space(text()) and normalize-space(.)='You have no items in your shopping cart.'])[1]/following::span[1]' not found)
[[ATTACHMENT|C:\\Users\\kwainaina\\Katalon Studio\\Ken Presentation\\Reports\\Regression Suite\\20181214_133524\\1544783802478.png]]

2018-12-14 13:36:42 - [MESSAGE][FAILED] - click(findTestObject("Object Repository/Masoko SignUp/Page_Shop Online in Kenya - Pay Con/span_Register")) FAILED.
Reason:
com.kms.katalon.core.exception.StepFailedException: Unable to click on object 'Object Repository/Masoko SignUp/Page_Shop Online in Kenya - Pay Con/span_Register' (Root cause: com.kms.katalon.core.webui.exception.WebElementNotFoundException: Web element with id: 'Object Repository/Masoko SignUp/Page_Shop Online in Kenya - Pay Con/span_Register' located by 'By.xpath: (.//*[normalize-space(text()) and normalize-space(.)='You have no items in your shopping cart.'])[1]/following::span[1]' not found)
	at com.kms.katalon.core.keyword.internal.KeywordMain.stepFailed(KeywordMain.groovy:36)
	at com.kms.katalon.core.webui.keyword.internal.WebUIKeywordMain.stepFailed(WebUIKeywordMain.groovy:65)
	at com.kms.katalon.core.webui.keyword.internal.WebUIKeywordMain.runKeyword(WebUIKeywordMain.groovy:27)
	at com.kms.katalon.core.webui.keyword.builtin.ClickKeyword.click(ClickKeyword.groovy:86)
	at com.kms.katalon.core.webui.keyword.builtin.ClickKeyword.execute(ClickKeyword.groovy:67)
	at com.kms.katalon.core.keyword.internal.KeywordExecutor.executeKeywordForPlatform(KeywordExecutor.groovy:53)
	at com.kms.katalon.core.webui.keyword.WebUiBuiltInKeywords.click(WebUiBuiltInKeywords.groovy:616)
	at com.kms.katalon.core.webui.keyword.WebUiBuiltInKeywords$click$1.call(Unknown Source)
	at Masoko SignUp.run(Masoko SignUp:20)
	at com.kms.katalon.core.main.ScriptEngine.run(ScriptEngine.java:194)
	at com.kms.katalon.core.main.ScriptEngine.runScriptAsRawText(ScriptEngine.java:119)
	at com.kms.katalon.core.main.TestCaseExecutor.runScript(TestCaseExecutor.java:321)
	at com.kms.katalon.core.main.TestCaseExecutor.doExecute(TestCaseExecutor.java:312)
	at com.kms.katalon.core.main.TestCaseExecutor.processExecutionPhase(TestCaseExecutor.java:291)
	at com.kms.katalon.core.main.TestCaseExecutor.accessMainPhase(TestCaseExecutor.java:283)
	at com.kms.katalon.core.main.TestCaseExecutor.execute(TestCaseExecutor.java:222)
	at com.kms.katalon.core.main.TestSuiteExecutor.accessTestCaseMainPhase(TestSuiteExecutor.java:129)
	at com.kms.katalon.core.main.TestSuiteExecutor.accessTestSuiteMainPhase(TestSuiteExecutor.java:112)
	at com.kms.katalon.core.main.TestSuiteExecutor.execute(TestSuiteExecutor.java:81)
	at com.kms.katalon.core.main.TestCaseMain.startTestSuite(TestCaseMain.java:149)
	at com.kms.katalon.core.main.TestCaseMain$startTestSuite$0.call(Unknown Source)
	at TempTestSuite1544783724998.run(TempTestSuite1544783724998.groovy:36)]]></system-out>
         <system-err><![CDATA[2018-12-14 13:35:31 - [TEST_CASE][FAILED] - Test Cases/Masoko SignUp: Test Cases/Masoko SignUp FAILED.
Reason:
com.kms.katalon.core.exception.StepFailedException: Unable to click on object 'Object Repository/Masoko SignUp/Page_Shop Online in Kenya - Pay Con/span_Register' (Root cause: com.kms.katalon.core.webui.exception.WebElementNotFoundException: Web element with id: 'Object Repository/Masoko SignUp/Page_Shop Online in Kenya - Pay Con/span_Register' located by 'By.xpath: (.//*[normalize-space(text()) and normalize-space(.)='You have no items in your shopping cart.'])[1]/following::span[1]' not found)
	at com.kms.katalon.core.keyword.internal.KeywordMain.stepFailed(KeywordMain.groovy:36)
	at com.kms.katalon.core.webui.keyword.internal.WebUIKeywordMain.stepFailed(WebUIKeywordMain.groovy:65)
	at com.kms.katalon.core.webui.keyword.internal.WebUIKeywordMain.runKeyword(WebUIKeywordMain.groovy:27)
	at com.kms.katalon.core.webui.keyword.builtin.ClickKeyword.click(ClickKeyword.groovy:86)
	at com.kms.katalon.core.webui.keyword.builtin.ClickKeyword.execute(ClickKeyword.groovy:67)
	at com.kms.katalon.core.keyword.internal.KeywordExecutor.executeKeywordForPlatform(KeywordExecutor.groovy:53)
	at com.kms.katalon.core.webui.keyword.WebUiBuiltInKeywords.click(WebUiBuiltInKeywords.groovy:616)
	at com.kms.katalon.core.webui.keyword.WebUiBuiltInKeywords$click$1.call(Unknown Source)
	at Masoko SignUp.run(Masoko SignUp:20)
	at com.kms.katalon.core.main.ScriptEngine.run(ScriptEngine.java:194)
	at com.kms.katalon.core.main.ScriptEngine.runScriptAsRawText(ScriptEngine.java:119)
	at com.kms.katalon.core.main.TestCaseExecutor.runScript(TestCaseExecutor.java:321)
	at com.kms.katalon.core.main.TestCaseExecutor.doExecute(TestCaseExecutor.java:312)
	at com.kms.katalon.core.main.TestCaseExecutor.processExecutionPhase(TestCaseExecutor.java:291)
	at com.kms.katalon.core.main.TestCaseExecutor.accessMainPhase(TestCaseExecutor.java:283)
	at com.kms.katalon.core.main.TestCaseExecutor.execute(TestCaseExecutor.java:222)
	at com.kms.katalon.core.main.TestSuiteExecutor.accessTestCaseMainPhase(TestSuiteExecutor.java:129)
	at com.kms.katalon.core.main.TestSuiteExecutor.accessTestSuiteMainPhase(TestSuiteExecutor.java:112)
	at com.kms.katalon.core.main.TestSuiteExecutor.execute(TestSuiteExecutor.java:81)
	at com.kms.katalon.core.main.TestCaseMain.startTestSuite(TestCaseMain.java:149)
	at com.kms.katalon.core.main.TestCaseMain$startTestSuite$0.call(Unknown Source)
	at TempTestSuite1544783724998.run(TempTestSuite1544783724998.groovy:36)]]></system-err>
      </testcase>
      <testcase name="Test Cases/Masoko SignUp" classname="Test Cases/Masoko SignUp" status="FAILED">
         <failure type="FAILED" message="Test Cases/Masoko SignUp FAILED.
Reason:
com.kms.katalon.core.exception.StepFailedException: Unable to verify text 'You must confirm your account. Please check your email for the confirmation link or click here for a new link.' is present  (Root cause: com.kms.katalon.core.exception.StepFailedException: Text 'You must confirm your account. Please check your email for the confirmation link or click here for a new link.' is not present on page )
	at com.kms.katalon.core.keyword.internal.KeywordMain.stepFailed(KeywordMain.groovy:36)
	at com.kms.katalon.core.webui.keyword.internal.WebUIKeywordMain.stepFailed(WebUIKeywordMain.groovy:65)
	at com.kms.katalon.core.webui.keyword.internal.WebUIKeywordMain.runKeyword(WebUIKeywordMain.groovy:27)
	at com.kms.katalon.core.webui.keyword.builtin.VerifyTextPresentKeyword.verifyTextPresent(VerifyTextPresentKeyword.groovy:83)
	at com.kms.katalon.core.webui.keyword.builtin.VerifyTextPresentKeyword.execute(VerifyTextPresentKeyword.groovy:68)
	at com.kms.katalon.core.keyword.internal.KeywordExecutor.executeKeywordForPlatform(KeywordExecutor.groovy:53)
	at com.kms.katalon.core.webui.keyword.WebUiBuiltInKeywords.verifyTextPresent(WebUiBuiltInKeywords.groovy:1693)
	at com.kms.katalon.core.webui.keyword.WebUiBuiltInKeywords$verifyTextPresent$5.call(Unknown Source)
	at Masoko SignUp.run(Masoko SignUp:48)
	at com.kms.katalon.core.main.ScriptEngine.run(ScriptEngine.java:194)
	at com.kms.katalon.core.main.ScriptEngine.runScriptAsRawText(ScriptEngine.java:119)
	at com.kms.katalon.core.main.TestCaseExecutor.runScript(TestCaseExecutor.java:321)
	at com.kms.katalon.core.main.TestCaseExecutor.doExecute(TestCaseExecutor.java:312)
	at com.kms.katalon.core.main.TestCaseExecutor.processExecutionPhase(TestCaseExecutor.java:291)
	at com.kms.katalon.core.main.TestCaseExecutor.accessMainPhase(TestCaseExecutor.java:283)
	at com.kms.katalon.core.main.TestCaseExecutor.execute(TestCaseExecutor.java:222)
	at com.kms.katalon.core.main.TestSuiteExecutor.accessTestCaseMainPhase(TestSuiteExecutor.java:129)
	at com.kms.katalon.core.main.TestSuiteExecutor.accessTestSuiteMainPhase(TestSuiteExecutor.java:112)
	at com.kms.katalon.core.main.TestSuiteExecutor.execute(TestSuiteExecutor.java:81)
	at com.kms.katalon.core.main.TestCaseMain.startTestSuite(TestCaseMain.java:149)
	at com.kms.katalon.core.main.TestCaseMain$startTestSuite$0.call(Unknown Source)
	at TempTestSuite1544783724998.run(TempTestSuite1544783724998.groovy:36)
"/>
         <system-out><![CDATA[2018-12-14 13:36:42 - [TEST_CASE][FAILED] - Test Cases/Masoko SignUp: Test Cases/Masoko SignUp FAILED.
Reason:
com.kms.katalon.core.exception.StepFailedException: Unable to verify text 'You must confirm your account. Please check your email for the confirmation link or click here for a new link.' is present  (Root cause: com.kms.katalon.core.exception.StepFailedException: Text 'You must confirm your account. Please check your email for the confirmation link or click here for a new link.' is not present on page )
	at com.kms.katalon.core.keyword.internal.KeywordMain.stepFailed(KeywordMain.groovy:36)
	at com.kms.katalon.core.webui.keyword.internal.WebUIKeywordMain.stepFailed(WebUIKeywordMain.groovy:65)
	at com.kms.katalon.core.webui.keyword.internal.WebUIKeywordMain.runKeyword(WebUIKeywordMain.groovy:27)
	at com.kms.katalon.core.webui.keyword.builtin.VerifyTextPresentKeyword.verifyTextPresent(VerifyTextPresentKeyword.groovy:83)
	at com.kms.katalon.core.webui.keyword.builtin.VerifyTextPresentKeyword.execute(VerifyTextPresentKeyword.groovy:68)
	at com.kms.katalon.core.keyword.internal.KeywordExecutor.executeKeywordForPlatform(KeywordExecutor.groovy:53)
	at com.kms.katalon.core.webui.keyword.WebUiBuiltInKeywords.verifyTextPresent(WebUiBuiltInKeywords.groovy:1693)
	at com.kms.katalon.core.webui.keyword.WebUiBuiltInKeywords$verifyTextPresent$5.call(Unknown Source)
	at Masoko SignUp.run(Masoko SignUp:48)
	at com.kms.katalon.core.main.ScriptEngine.run(ScriptEngine.java:194)
	at com.kms.katalon.core.main.ScriptEngine.runScriptAsRawText(ScriptEngine.java:119)
	at com.kms.katalon.core.main.TestCaseExecutor.runScript(TestCaseExecutor.java:321)
	at com.kms.katalon.core.main.TestCaseExecutor.doExecute(TestCaseExecutor.java:312)
	at com.kms.katalon.core.main.TestCaseExecutor.processExecutionPhase(TestCaseExecutor.java:291)
	at com.kms.katalon.core.main.TestCaseExecutor.accessMainPhase(TestCaseExecutor.java:283)
	at com.kms.katalon.core.main.TestCaseExecutor.execute(TestCaseExecutor.java:222)
	at com.kms.katalon.core.main.TestSuiteExecutor.accessTestCaseMainPhase(TestSuiteExecutor.java:129)
	at com.kms.katalon.core.main.TestSuiteExecutor.accessTestSuiteMainPhase(TestSuiteExecutor.java:112)
	at com.kms.katalon.core.main.TestSuiteExecutor.execute(TestSuiteExecutor.java:81)
	at com.kms.katalon.core.main.TestCaseMain.startTestSuite(TestCaseMain.java:149)
	at com.kms.katalon.core.main.TestCaseMain$startTestSuite$0.call(Unknown Source)
	at TempTestSuite1544783724998.run(TempTestSuite1544783724998.groovy:36)


2018-12-14 13:36:42 - [TEST_STEP][PASSED] - openBrowser(""): Browser is opened with url: ''

2018-12-14 13:36:42 - [MESSAGE][WARNING] - A browser is already opened. Closing browser and opening a new one

2018-12-14 13:37:02 - [MESSAGE][INFO] - Starting 'Chrome' driver

2018-12-14 13:37:05 - [MESSAGE][PASSED] - Browser is opened with url: ''

2018-12-14 13:37:05 - [TEST_STEP][PASSED] - navigateToUrl("https://www.masoko.com/"): Navigate to 'https://www.masoko.com/' successfully

2018-12-14 13:37:16 - [MESSAGE][PASSED] - Navigate to 'https://www.masoko.com/' successfully

2018-12-14 13:37:16 - [TEST_STEP][PASSED] - click(findTestObject("Object Repository/Masoko SignUp/Page_Shop Online in Kenya - Pay Con/span_Register")): Object: 'Object Repository/Masoko SignUp/Page_Shop Online in Kenya - Pay Con/span_Register' is clicked on

2018-12-14 13:37:30 - [MESSAGE][PASSED] - Object: 'Object Repository/Masoko SignUp/Page_Shop Online in Kenya - Pay Con/span_Register' is clicked on

2018-12-14 13:37:30 - [TEST_STEP][PASSED] - setText(findTestObject("Object Repository/Masoko SignUp/Page_Create New Customer Account/input_Personal Information_fir"), first): Text 'Hannah' is set on object 'Object Repository/Masoko SignUp/Page_Create New Customer Account/input_Personal Information_fir'

2018-12-14 13:37:31 - [MESSAGE][PASSED] - Text 'Hannah' is set on object 'Object Repository/Masoko SignUp/Page_Create New Customer Account/input_Personal Information_fir'

2018-12-14 13:37:31 - [TEST_STEP][PASSED] - setText(findTestObject("Object Repository/Masoko SignUp/Page_Create New Customer Account/input_Personal Information_las"), last): Text 'Jaguar' is set on object 'Object Repository/Masoko SignUp/Page_Create New Customer Account/input_Personal Information_las'

2018-12-14 13:37:31 - [MESSAGE][PASSED] - Text 'Jaguar' is set on object 'Object Repository/Masoko SignUp/Page_Create New Customer Account/input_Personal Information_las'

2018-12-14 13:37:31 - [TEST_STEP][PASSED] - setText(findTestObject("Object Repository/Masoko SignUp/Page_Create New Customer Account/input_land Islands_mobile"), phone): Text '254771725713' is set on object 'Object Repository/Masoko SignUp/Page_Create New Customer Account/input_land Islands_mobile'

2018-12-14 13:37:31 - [MESSAGE][PASSED] - Text '254771725713' is set on object 'Object Repository/Masoko SignUp/Page_Create New Customer Account/input_land Islands_mobile'

2018-12-14 13:37:31 - [TEST_STEP][PASSED] - setText(findTestObject("Object Repository/Masoko SignUp/Page_Create New Customer Account/input_Sign-in Information_emai"), email): Text 'hannah@gmail.com' is set on object 'Object Repository/Masoko SignUp/Page_Create New Customer Account/input_Sign-in Information_emai'

2018-12-14 13:37:31 - [MESSAGE][PASSED] - Text 'hannah@gmail.com' is set on object 'Object Repository/Masoko SignUp/Page_Create New Customer Account/input_Sign-in Information_emai'

2018-12-14 13:37:31 - [TEST_STEP][PASSED] - setEncryptedText(findTestObject("Object Repository/Masoko SignUp/Page_Create New Customer Account/input_Sign-in Information_pass"), "idfmk6zVFEa4W1l6E8z2cA=="): Text ****** has been set on object 'Object Repository/Masoko SignUp/Page_Create New Customer Account/input_Sign-in Information_pass'

2018-12-14 13:37:32 - [MESSAGE][PASSED] - Text ****** has been set on object 'Object Repository/Masoko SignUp/Page_Create New Customer Account/input_Sign-in Information_pass'

2018-12-14 13:37:32 - [TEST_STEP][PASSED] - setEncryptedText(findTestObject("Object Repository/Masoko SignUp/Page_Create New Customer Account/input_Very Strong_password_con"), "ratjN/ZUvbI="): Text ****** has been set on object 'Object Repository/Masoko SignUp/Page_Create New Customer Account/input_Very Strong_password_con'

2018-12-14 13:37:32 - [MESSAGE][PASSED] - Text ****** has been set on object 'Object Repository/Masoko SignUp/Page_Create New Customer Account/input_Very Strong_password_con'

2018-12-14 13:37:32 - [TEST_STEP][PASSED] - initial_password = getText(findTestObject("Object Repository/Masoko SignUp/Page_Create New Customer Account/input_Sign-in Information_pass")): Text of object 'Object Repository/Masoko SignUp/Page_Create New Customer Account/input_Sign-in Information_pass' is: ''

2018-12-14 13:37:32 - [MESSAGE][PASSED] - Text of object 'Object Repository/Masoko SignUp/Page_Create New Customer Account/input_Sign-in Information_pass' is: ''

2018-12-14 13:37:32 - [TEST_STEP][PASSED] - confirm_password = getText(findTestObject("Object Repository/Masoko SignUp/Page_Create New Customer Account/input_Very Strong_password_con")): Text of object 'Object Repository/Masoko SignUp/Page_Create New Customer Account/input_Very Strong_password_con' is: ''

2018-12-14 13:37:32 - [MESSAGE][PASSED] - Text of object 'Object Repository/Masoko SignUp/Page_Create New Customer Account/input_Very Strong_password_con' is: ''

2018-12-14 13:37:32 - [TEST_STEP][PASSED] - verifyMatch(initial_password, confirm_password, false): Actual text '' and expected text '' are matched 

2018-12-14 13:37:32 - [MESSAGE][PASSED] - Actual text '' and expected text '' are matched 

2018-12-14 13:37:32 - [TEST_STEP][PASSED] - click(findTestObject("Object Repository/Masoko SignUp/Page_Create New Customer Account/button_Create an Account")): Object: 'Object Repository/Masoko SignUp/Page_Create New Customer Account/button_Create an Account' is clicked on

2018-12-14 13:37:33 - [MESSAGE][PASSED] - Object: 'Object Repository/Masoko SignUp/Page_Create New Customer Account/button_Create an Account' is clicked on

2018-12-14 13:37:33 - [TEST_STEP][FAILED] - verifyTextPresent("You must confirm your account. Please check your email for the confirmation link or click here for a new link.", false): verifyTextPresent("You must confirm your account. Please check your email for the confirmation link or click here for a new link.", false) FAILED.
Reason:
com.kms.katalon.core.exception.StepFailedException: Unable to verify text 'You must confirm your account. Please check your email for the confirmation link or click here for a new link.' is present  (Root cause: com.kms.katalon.core.exception.StepFailedException: Text 'You must confirm your account. Please check your email for the confirmation link or click here for a new link.' is not present on page )
	at com.kms.katalon.core.keyword.internal.KeywordMain.stepFailed(KeywordMain.groovy:36)
	at com.kms.katalon.core.webui.keyword.internal.WebUIKeywordMain.stepFailed(WebUIKeywordMain.groovy:65)
	at com.kms.katalon.core.webui.keyword.internal.WebUIKeywordMain.runKeyword(WebUIKeywordMain.groovy:27)
	at com.kms.katalon.core.webui.keyword.builtin.VerifyTextPresentKeyword.verifyTextPresent(VerifyTextPresentKeyword.groovy:83)
	at com.kms.katalon.core.webui.keyword.builtin.VerifyTextPresentKeyword.execute(VerifyTextPresentKeyword.groovy:68)
	at com.kms.katalon.core.keyword.internal.KeywordExecutor.executeKeywordForPlatform(KeywordExecutor.groovy:53)
	at com.kms.katalon.core.webui.keyword.WebUiBuiltInKeywords.verifyTextPresent(WebUiBuiltInKeywords.groovy:1693)
	at com.kms.katalon.core.webui.keyword.WebUiBuiltInKeywords$verifyTextPresent$5.call(Unknown Source)
	at Masoko SignUp.run(Masoko SignUp:48)
	at com.kms.katalon.core.main.ScriptEngine.run(ScriptEngine.java:194)
	at com.kms.katalon.core.main.ScriptEngine.runScriptAsRawText(ScriptEngine.java:119)
	at com.kms.katalon.core.main.TestCaseExecutor.runScript(TestCaseExecutor.java:321)
	at com.kms.katalon.core.main.TestCaseExecutor.doExecute(TestCaseExecutor.java:312)
	at com.kms.katalon.core.main.TestCaseExecutor.processExecutionPhase(TestCaseExecutor.java:291)
	at com.kms.katalon.core.main.TestCaseExecutor.accessMainPhase(TestCaseExecutor.java:283)
	at com.kms.katalon.core.main.TestCaseExecutor.execute(TestCaseExecutor.java:222)
	at com.kms.katalon.core.main.TestSuiteExecutor.accessTestCaseMainPhase(TestSuiteExecutor.java:129)
	at com.kms.katalon.core.main.TestSuiteExecutor.accessTestSuiteMainPhase(TestSuiteExecutor.java:112)
	at com.kms.katalon.core.main.TestSuiteExecutor.execute(TestSuiteExecutor.java:81)
	at com.kms.katalon.core.main.TestCaseMain.startTestSuite(TestCaseMain.java:149)
	at com.kms.katalon.core.main.TestCaseMain$startTestSuite$0.call(Unknown Source)
	at TempTestSuite1544783724998.run(TempTestSuite1544783724998.groovy:36)


2018-12-14 13:37:34 - [MESSAGE][FAILED] - Text 'You must confirm your account. Please check your email for the confirmation link or click here for a new link.' is not present on page 

2018-12-14 13:37:35 - [MESSAGE][FAILED] - Unable to verify text 'You must confirm your account. Please check your email for the confirmation link or click here for a new link.' is present  (Root cause: com.kms.katalon.core.exception.StepFailedException: Text 'You must confirm your account. Please check your email for the confirmation link or click here for a new link.' is not present on page )
[[ATTACHMENT|C:\\Users\\kwainaina\\Katalon Studio\\Ken Presentation\\Reports\\Regression Suite\\20181214_133524\\1544783854797.png]]

2018-12-14 13:37:35 - [MESSAGE][FAILED] - verifyTextPresent("You must confirm your account. Please check your email for the confirmation link or click here for a new link.", false) FAILED.
Reason:
com.kms.katalon.core.exception.StepFailedException: Unable to verify text 'You must confirm your account. Please check your email for the confirmation link or click here for a new link.' is present  (Root cause: com.kms.katalon.core.exception.StepFailedException: Text 'You must confirm your account. Please check your email for the confirmation link or click here for a new link.' is not present on page )
	at com.kms.katalon.core.keyword.internal.KeywordMain.stepFailed(KeywordMain.groovy:36)
	at com.kms.katalon.core.webui.keyword.internal.WebUIKeywordMain.stepFailed(WebUIKeywordMain.groovy:65)
	at com.kms.katalon.core.webui.keyword.internal.WebUIKeywordMain.runKeyword(WebUIKeywordMain.groovy:27)
	at com.kms.katalon.core.webui.keyword.builtin.VerifyTextPresentKeyword.verifyTextPresent(VerifyTextPresentKeyword.groovy:83)
	at com.kms.katalon.core.webui.keyword.builtin.VerifyTextPresentKeyword.execute(VerifyTextPresentKeyword.groovy:68)
	at com.kms.katalon.core.keyword.internal.KeywordExecutor.executeKeywordForPlatform(KeywordExecutor.groovy:53)
	at com.kms.katalon.core.webui.keyword.WebUiBuiltInKeywords.verifyTextPresent(WebUiBuiltInKeywords.groovy:1693)
	at com.kms.katalon.core.webui.keyword.WebUiBuiltInKeywords$verifyTextPresent$5.call(Unknown Source)
	at Masoko SignUp.run(Masoko SignUp:48)
	at com.kms.katalon.core.main.ScriptEngine.run(ScriptEngine.java:194)
	at com.kms.katalon.core.main.ScriptEngine.runScriptAsRawText(ScriptEngine.java:119)
	at com.kms.katalon.core.main.TestCaseExecutor.runScript(TestCaseExecutor.java:321)
	at com.kms.katalon.core.main.TestCaseExecutor.doExecute(TestCaseExecutor.java:312)
	at com.kms.katalon.core.main.TestCaseExecutor.processExecutionPhase(TestCaseExecutor.java:291)
	at com.kms.katalon.core.main.TestCaseExecutor.accessMainPhase(TestCaseExecutor.java:283)
	at com.kms.katalon.core.main.TestCaseExecutor.execute(TestCaseExecutor.java:222)
	at com.kms.katalon.core.main.TestSuiteExecutor.accessTestCaseMainPhase(TestSuiteExecutor.java:129)
	at com.kms.katalon.core.main.TestSuiteExecutor.accessTestSuiteMainPhase(TestSuiteExecutor.java:112)
	at com.kms.katalon.core.main.TestSuiteExecutor.execute(TestSuiteExecutor.java:81)
	at com.kms.katalon.core.main.TestCaseMain.startTestSuite(TestCaseMain.java:149)
	at com.kms.katalon.core.main.TestCaseMain$startTestSuite$0.call(Unknown Source)
	at TempTestSuite1544783724998.run(TempTestSuite1544783724998.groovy:36)]]></system-out>
         <system-err><![CDATA[2018-12-14 13:36:42 - [TEST_CASE][FAILED] - Test Cases/Masoko SignUp: Test Cases/Masoko SignUp FAILED.
Reason:
com.kms.katalon.core.exception.StepFailedException: Unable to verify text 'You must confirm your account. Please check your email for the confirmation link or click here for a new link.' is present  (Root cause: com.kms.katalon.core.exception.StepFailedException: Text 'You must confirm your account. Please check your email for the confirmation link or click here for a new link.' is not present on page )
	at com.kms.katalon.core.keyword.internal.KeywordMain.stepFailed(KeywordMain.groovy:36)
	at com.kms.katalon.core.webui.keyword.internal.WebUIKeywordMain.stepFailed(WebUIKeywordMain.groovy:65)
	at com.kms.katalon.core.webui.keyword.internal.WebUIKeywordMain.runKeyword(WebUIKeywordMain.groovy:27)
	at com.kms.katalon.core.webui.keyword.builtin.VerifyTextPresentKeyword.verifyTextPresent(VerifyTextPresentKeyword.groovy:83)
	at com.kms.katalon.core.webui.keyword.builtin.VerifyTextPresentKeyword.execute(VerifyTextPresentKeyword.groovy:68)
	at com.kms.katalon.core.keyword.internal.KeywordExecutor.executeKeywordForPlatform(KeywordExecutor.groovy:53)
	at com.kms.katalon.core.webui.keyword.WebUiBuiltInKeywords.verifyTextPresent(WebUiBuiltInKeywords.groovy:1693)
	at com.kms.katalon.core.webui.keyword.WebUiBuiltInKeywords$verifyTextPresent$5.call(Unknown Source)
	at Masoko SignUp.run(Masoko SignUp:48)
	at com.kms.katalon.core.main.ScriptEngine.run(ScriptEngine.java:194)
	at com.kms.katalon.core.main.ScriptEngine.runScriptAsRawText(ScriptEngine.java:119)
	at com.kms.katalon.core.main.TestCaseExecutor.runScript(TestCaseExecutor.java:321)
	at com.kms.katalon.core.main.TestCaseExecutor.doExecute(TestCaseExecutor.java:312)
	at com.kms.katalon.core.main.TestCaseExecutor.processExecutionPhase(TestCaseExecutor.java:291)
	at com.kms.katalon.core.main.TestCaseExecutor.accessMainPhase(TestCaseExecutor.java:283)
	at com.kms.katalon.core.main.TestCaseExecutor.execute(TestCaseExecutor.java:222)
	at com.kms.katalon.core.main.TestSuiteExecutor.accessTestCaseMainPhase(TestSuiteExecutor.java:129)
	at com.kms.katalon.core.main.TestSuiteExecutor.accessTestSuiteMainPhase(TestSuiteExecutor.java:112)
	at com.kms.katalon.core.main.TestSuiteExecutor.execute(TestSuiteExecutor.java:81)
	at com.kms.katalon.core.main.TestCaseMain.startTestSuite(TestCaseMain.java:149)
	at com.kms.katalon.core.main.TestCaseMain$startTestSuite$0.call(Unknown Source)
	at TempTestSuite1544783724998.run(TempTestSuite1544783724998.groovy:36)]]></system-err>
      </testcase>
      <testcase name="Test Cases/Masoko SignUp" classname="Test Cases/Masoko SignUp" status="FAILED">
         <failure type="FAILED" message="Test Cases/Masoko SignUp FAILED.
Reason:
com.kms.katalon.core.exception.StepFailedException: Unable to verify text 'You must confirm your account. Please check your email for the confirmation link or click here for a new link.' is present  (Root cause: com.kms.katalon.core.exception.StepFailedException: Text 'You must confirm your account. Please check your email for the confirmation link or click here for a new link.' is not present on page )
	at com.kms.katalon.core.keyword.internal.KeywordMain.stepFailed(KeywordMain.groovy:36)
	at com.kms.katalon.core.webui.keyword.internal.WebUIKeywordMain.stepFailed(WebUIKeywordMain.groovy:65)
	at com.kms.katalon.core.webui.keyword.internal.WebUIKeywordMain.runKeyword(WebUIKeywordMain.groovy:27)
	at com.kms.katalon.core.webui.keyword.builtin.VerifyTextPresentKeyword.verifyTextPresent(VerifyTextPresentKeyword.groovy:83)
	at com.kms.katalon.core.webui.keyword.builtin.VerifyTextPresentKeyword.execute(VerifyTextPresentKeyword.groovy:68)
	at com.kms.katalon.core.keyword.internal.KeywordExecutor.executeKeywordForPlatform(KeywordExecutor.groovy:53)
	at com.kms.katalon.core.webui.keyword.WebUiBuiltInKeywords.verifyTextPresent(WebUiBuiltInKeywords.groovy:1693)
	at com.kms.katalon.core.webui.keyword.WebUiBuiltInKeywords$verifyTextPresent$5.call(Unknown Source)
	at Masoko SignUp.run(Masoko SignUp:48)
	at com.kms.katalon.core.main.ScriptEngine.run(ScriptEngine.java:194)
	at com.kms.katalon.core.main.ScriptEngine.runScriptAsRawText(ScriptEngine.java:119)
	at com.kms.katalon.core.main.TestCaseExecutor.runScript(TestCaseExecutor.java:321)
	at com.kms.katalon.core.main.TestCaseExecutor.doExecute(TestCaseExecutor.java:312)
	at com.kms.katalon.core.main.TestCaseExecutor.processExecutionPhase(TestCaseExecutor.java:291)
	at com.kms.katalon.core.main.TestCaseExecutor.accessMainPhase(TestCaseExecutor.java:283)
	at com.kms.katalon.core.main.TestCaseExecutor.execute(TestCaseExecutor.java:222)
	at com.kms.katalon.core.main.TestSuiteExecutor.accessTestCaseMainPhase(TestSuiteExecutor.java:129)
	at com.kms.katalon.core.main.TestSuiteExecutor.accessTestSuiteMainPhase(TestSuiteExecutor.java:112)
	at com.kms.katalon.core.main.TestSuiteExecutor.execute(TestSuiteExecutor.java:81)
	at com.kms.katalon.core.main.TestCaseMain.startTestSuite(TestCaseMain.java:149)
	at com.kms.katalon.core.main.TestCaseMain$startTestSuite$0.call(Unknown Source)
	at TempTestSuite1544783724998.run(TempTestSuite1544783724998.groovy:36)
"/>
         <system-out><![CDATA[2018-12-14 13:37:35 - [TEST_CASE][FAILED] - Test Cases/Masoko SignUp: Test Cases/Masoko SignUp FAILED.
Reason:
com.kms.katalon.core.exception.StepFailedException: Unable to verify text 'You must confirm your account. Please check your email for the confirmation link or click here for a new link.' is present  (Root cause: com.kms.katalon.core.exception.StepFailedException: Text 'You must confirm your account. Please check your email for the confirmation link or click here for a new link.' is not present on page )
	at com.kms.katalon.core.keyword.internal.KeywordMain.stepFailed(KeywordMain.groovy:36)
	at com.kms.katalon.core.webui.keyword.internal.WebUIKeywordMain.stepFailed(WebUIKeywordMain.groovy:65)
	at com.kms.katalon.core.webui.keyword.internal.WebUIKeywordMain.runKeyword(WebUIKeywordMain.groovy:27)
	at com.kms.katalon.core.webui.keyword.builtin.VerifyTextPresentKeyword.verifyTextPresent(VerifyTextPresentKeyword.groovy:83)
	at com.kms.katalon.core.webui.keyword.builtin.VerifyTextPresentKeyword.execute(VerifyTextPresentKeyword.groovy:68)
	at com.kms.katalon.core.keyword.internal.KeywordExecutor.executeKeywordForPlatform(KeywordExecutor.groovy:53)
	at com.kms.katalon.core.webui.keyword.WebUiBuiltInKeywords.verifyTextPresent(WebUiBuiltInKeywords.groovy:1693)
	at com.kms.katalon.core.webui.keyword.WebUiBuiltInKeywords$verifyTextPresent$5.call(Unknown Source)
	at Masoko SignUp.run(Masoko SignUp:48)
	at com.kms.katalon.core.main.ScriptEngine.run(ScriptEngine.java:194)
	at com.kms.katalon.core.main.ScriptEngine.runScriptAsRawText(ScriptEngine.java:119)
	at com.kms.katalon.core.main.TestCaseExecutor.runScript(TestCaseExecutor.java:321)
	at com.kms.katalon.core.main.TestCaseExecutor.doExecute(TestCaseExecutor.java:312)
	at com.kms.katalon.core.main.TestCaseExecutor.processExecutionPhase(TestCaseExecutor.java:291)
	at com.kms.katalon.core.main.TestCaseExecutor.accessMainPhase(TestCaseExecutor.java:283)
	at com.kms.katalon.core.main.TestCaseExecutor.execute(TestCaseExecutor.java:222)
	at com.kms.katalon.core.main.TestSuiteExecutor.accessTestCaseMainPhase(TestSuiteExecutor.java:129)
	at com.kms.katalon.core.main.TestSuiteExecutor.accessTestSuiteMainPhase(TestSuiteExecutor.java:112)
	at com.kms.katalon.core.main.TestSuiteExecutor.execute(TestSuiteExecutor.java:81)
	at com.kms.katalon.core.main.TestCaseMain.startTestSuite(TestCaseMain.java:149)
	at com.kms.katalon.core.main.TestCaseMain$startTestSuite$0.call(Unknown Source)
	at TempTestSuite1544783724998.run(TempTestSuite1544783724998.groovy:36)


2018-12-14 13:37:35 - [TEST_STEP][PASSED] - openBrowser(""): Browser is opened with url: ''

2018-12-14 13:37:35 - [MESSAGE][WARNING] - A browser is already opened. Closing browser and opening a new one

2018-12-14 13:37:36 - [MESSAGE][INFO] - Starting 'Chrome' driver

2018-12-14 13:37:38 - [MESSAGE][PASSED] - Browser is opened with url: ''

2018-12-14 13:37:38 - [TEST_STEP][PASSED] - navigateToUrl("https://www.masoko.com/"): Navigate to 'https://www.masoko.com/' successfully

2018-12-14 13:37:48 - [MESSAGE][PASSED] - Navigate to 'https://www.masoko.com/' successfully

2018-12-14 13:37:48 - [TEST_STEP][PASSED] - click(findTestObject("Object Repository/Masoko SignUp/Page_Shop Online in Kenya - Pay Con/span_Register")): Object: 'Object Repository/Masoko SignUp/Page_Shop Online in Kenya - Pay Con/span_Register' is clicked on

2018-12-14 13:37:53 - [MESSAGE][PASSED] - Object: 'Object Repository/Masoko SignUp/Page_Shop Online in Kenya - Pay Con/span_Register' is clicked on

2018-12-14 13:37:53 - [TEST_STEP][PASSED] - setText(findTestObject("Object Repository/Masoko SignUp/Page_Create New Customer Account/input_Personal Information_fir"), first): Text 'Timo' is set on object 'Object Repository/Masoko SignUp/Page_Create New Customer Account/input_Personal Information_fir'

2018-12-14 13:37:54 - [MESSAGE][PASSED] - Text 'Timo' is set on object 'Object Repository/Masoko SignUp/Page_Create New Customer Account/input_Personal Information_fir'

2018-12-14 13:37:54 - [TEST_STEP][PASSED] - setText(findTestObject("Object Repository/Masoko SignUp/Page_Create New Customer Account/input_Personal Information_las"), last): Text 'QA' is set on object 'Object Repository/Masoko SignUp/Page_Create New Customer Account/input_Personal Information_las'

2018-12-14 13:37:54 - [MESSAGE][PASSED] - Text 'QA' is set on object 'Object Repository/Masoko SignUp/Page_Create New Customer Account/input_Personal Information_las'

2018-12-14 13:37:54 - [TEST_STEP][PASSED] - setText(findTestObject("Object Repository/Masoko SignUp/Page_Create New Customer Account/input_land Islands_mobile"), phone): Text '254727955781' is set on object 'Object Repository/Masoko SignUp/Page_Create New Customer Account/input_land Islands_mobile'

2018-12-14 13:37:54 - [MESSAGE][PASSED] - Text '254727955781' is set on object 'Object Repository/Masoko SignUp/Page_Create New Customer Account/input_land Islands_mobile'

2018-12-14 13:37:54 - [TEST_STEP][PASSED] - setText(findTestObject("Object Repository/Masoko SignUp/Page_Create New Customer Account/input_Sign-in Information_emai"), email): Text 'Timo@gmail.com' is set on object 'Object Repository/Masoko SignUp/Page_Create New Customer Account/input_Sign-in Information_emai'

2018-12-14 13:37:54 - [MESSAGE][PASSED] - Text 'Timo@gmail.com' is set on object 'Object Repository/Masoko SignUp/Page_Create New Customer Account/input_Sign-in Information_emai'

2018-12-14 13:37:54 - [TEST_STEP][PASSED] - setEncryptedText(findTestObject("Object Repository/Masoko SignUp/Page_Create New Customer Account/input_Sign-in Information_pass"), "idfmk6zVFEa4W1l6E8z2cA=="): Text ****** has been set on object 'Object Repository/Masoko SignUp/Page_Create New Customer Account/input_Sign-in Information_pass'

2018-12-14 13:37:55 - [MESSAGE][PASSED] - Text ****** has been set on object 'Object Repository/Masoko SignUp/Page_Create New Customer Account/input_Sign-in Information_pass'

2018-12-14 13:37:55 - [TEST_STEP][PASSED] - setEncryptedText(findTestObject("Object Repository/Masoko SignUp/Page_Create New Customer Account/input_Very Strong_password_con"), "ratjN/ZUvbI="): Text ****** has been set on object 'Object Repository/Masoko SignUp/Page_Create New Customer Account/input_Very Strong_password_con'

2018-12-14 13:37:55 - [MESSAGE][PASSED] - Text ****** has been set on object 'Object Repository/Masoko SignUp/Page_Create New Customer Account/input_Very Strong_password_con'

2018-12-14 13:37:55 - [TEST_STEP][PASSED] - initial_password = getText(findTestObject("Object Repository/Masoko SignUp/Page_Create New Customer Account/input_Sign-in Information_pass")): Text of object 'Object Repository/Masoko SignUp/Page_Create New Customer Account/input_Sign-in Information_pass' is: ''

2018-12-14 13:37:55 - [MESSAGE][PASSED] - Text of object 'Object Repository/Masoko SignUp/Page_Create New Customer Account/input_Sign-in Information_pass' is: ''

2018-12-14 13:37:55 - [TEST_STEP][PASSED] - confirm_password = getText(findTestObject("Object Repository/Masoko SignUp/Page_Create New Customer Account/input_Very Strong_password_con")): Text of object 'Object Repository/Masoko SignUp/Page_Create New Customer Account/input_Very Strong_password_con' is: ''

2018-12-14 13:37:55 - [MESSAGE][PASSED] - Text of object 'Object Repository/Masoko SignUp/Page_Create New Customer Account/input_Very Strong_password_con' is: ''

2018-12-14 13:37:55 - [TEST_STEP][PASSED] - verifyMatch(initial_password, confirm_password, false): Actual text '' and expected text '' are matched 

2018-12-14 13:37:55 - [MESSAGE][PASSED] - Actual text '' and expected text '' are matched 

2018-12-14 13:37:55 - [TEST_STEP][PASSED] - click(findTestObject("Object Repository/Masoko SignUp/Page_Create New Customer Account/button_Create an Account")): Object: 'Object Repository/Masoko SignUp/Page_Create New Customer Account/button_Create an Account' is clicked on

2018-12-14 13:37:56 - [MESSAGE][PASSED] - Object: 'Object Repository/Masoko SignUp/Page_Create New Customer Account/button_Create an Account' is clicked on

2018-12-14 13:37:56 - [TEST_STEP][FAILED] - verifyTextPresent("You must confirm your account. Please check your email for the confirmation link or click here for a new link.", false): verifyTextPresent("You must confirm your account. Please check your email for the confirmation link or click here for a new link.", false) FAILED.
Reason:
com.kms.katalon.core.exception.StepFailedException: Unable to verify text 'You must confirm your account. Please check your email for the confirmation link or click here for a new link.' is present  (Root cause: com.kms.katalon.core.exception.StepFailedException: Text 'You must confirm your account. Please check your email for the confirmation link or click here for a new link.' is not present on page )
	at com.kms.katalon.core.keyword.internal.KeywordMain.stepFailed(KeywordMain.groovy:36)
	at com.kms.katalon.core.webui.keyword.internal.WebUIKeywordMain.stepFailed(WebUIKeywordMain.groovy:65)
	at com.kms.katalon.core.webui.keyword.internal.WebUIKeywordMain.runKeyword(WebUIKeywordMain.groovy:27)
	at com.kms.katalon.core.webui.keyword.builtin.VerifyTextPresentKeyword.verifyTextPresent(VerifyTextPresentKeyword.groovy:83)
	at com.kms.katalon.core.webui.keyword.builtin.VerifyTextPresentKeyword.execute(VerifyTextPresentKeyword.groovy:68)
	at com.kms.katalon.core.keyword.internal.KeywordExecutor.executeKeywordForPlatform(KeywordExecutor.groovy:53)
	at com.kms.katalon.core.webui.keyword.WebUiBuiltInKeywords.verifyTextPresent(WebUiBuiltInKeywords.groovy:1693)
	at com.kms.katalon.core.webui.keyword.WebUiBuiltInKeywords$verifyTextPresent$5.call(Unknown Source)
	at Masoko SignUp.run(Masoko SignUp:48)
	at com.kms.katalon.core.main.ScriptEngine.run(ScriptEngine.java:194)
	at com.kms.katalon.core.main.ScriptEngine.runScriptAsRawText(ScriptEngine.java:119)
	at com.kms.katalon.core.main.TestCaseExecutor.runScript(TestCaseExecutor.java:321)
	at com.kms.katalon.core.main.TestCaseExecutor.doExecute(TestCaseExecutor.java:312)
	at com.kms.katalon.core.main.TestCaseExecutor.processExecutionPhase(TestCaseExecutor.java:291)
	at com.kms.katalon.core.main.TestCaseExecutor.accessMainPhase(TestCaseExecutor.java:283)
	at com.kms.katalon.core.main.TestCaseExecutor.execute(TestCaseExecutor.java:222)
	at com.kms.katalon.core.main.TestSuiteExecutor.accessTestCaseMainPhase(TestSuiteExecutor.java:129)
	at com.kms.katalon.core.main.TestSuiteExecutor.accessTestSuiteMainPhase(TestSuiteExecutor.java:112)
	at com.kms.katalon.core.main.TestSuiteExecutor.execute(TestSuiteExecutor.java:81)
	at com.kms.katalon.core.main.TestCaseMain.startTestSuite(TestCaseMain.java:149)
	at com.kms.katalon.core.main.TestCaseMain$startTestSuite$0.call(Unknown Source)
	at TempTestSuite1544783724998.run(TempTestSuite1544783724998.groovy:36)


2018-12-14 13:37:57 - [MESSAGE][FAILED] - Text 'You must confirm your account. Please check your email for the confirmation link or click here for a new link.' is not present on page 

2018-12-14 13:37:57 - [MESSAGE][FAILED] - Unable to verify text 'You must confirm your account. Please check your email for the confirmation link or click here for a new link.' is present  (Root cause: com.kms.katalon.core.exception.StepFailedException: Text 'You must confirm your account. Please check your email for the confirmation link or click here for a new link.' is not present on page )
[[ATTACHMENT|C:\\Users\\kwainaina\\Katalon Studio\\Ken Presentation\\Reports\\Regression Suite\\20181214_133524\\1544783877478.png]]

2018-12-14 13:37:57 - [MESSAGE][FAILED] - verifyTextPresent("You must confirm your account. Please check your email for the confirmation link or click here for a new link.", false) FAILED.
Reason:
com.kms.katalon.core.exception.StepFailedException: Unable to verify text 'You must confirm your account. Please check your email for the confirmation link or click here for a new link.' is present  (Root cause: com.kms.katalon.core.exception.StepFailedException: Text 'You must confirm your account. Please check your email for the confirmation link or click here for a new link.' is not present on page )
	at com.kms.katalon.core.keyword.internal.KeywordMain.stepFailed(KeywordMain.groovy:36)
	at com.kms.katalon.core.webui.keyword.internal.WebUIKeywordMain.stepFailed(WebUIKeywordMain.groovy:65)
	at com.kms.katalon.core.webui.keyword.internal.WebUIKeywordMain.runKeyword(WebUIKeywordMain.groovy:27)
	at com.kms.katalon.core.webui.keyword.builtin.VerifyTextPresentKeyword.verifyTextPresent(VerifyTextPresentKeyword.groovy:83)
	at com.kms.katalon.core.webui.keyword.builtin.VerifyTextPresentKeyword.execute(VerifyTextPresentKeyword.groovy:68)
	at com.kms.katalon.core.keyword.internal.KeywordExecutor.executeKeywordForPlatform(KeywordExecutor.groovy:53)
	at com.kms.katalon.core.webui.keyword.WebUiBuiltInKeywords.verifyTextPresent(WebUiBuiltInKeywords.groovy:1693)
	at com.kms.katalon.core.webui.keyword.WebUiBuiltInKeywords$verifyTextPresent$5.call(Unknown Source)
	at Masoko SignUp.run(Masoko SignUp:48)
	at com.kms.katalon.core.main.ScriptEngine.run(ScriptEngine.java:194)
	at com.kms.katalon.core.main.ScriptEngine.runScriptAsRawText(ScriptEngine.java:119)
	at com.kms.katalon.core.main.TestCaseExecutor.runScript(TestCaseExecutor.java:321)
	at com.kms.katalon.core.main.TestCaseExecutor.doExecute(TestCaseExecutor.java:312)
	at com.kms.katalon.core.main.TestCaseExecutor.processExecutionPhase(TestCaseExecutor.java:291)
	at com.kms.katalon.core.main.TestCaseExecutor.accessMainPhase(TestCaseExecutor.java:283)
	at com.kms.katalon.core.main.TestCaseExecutor.execute(TestCaseExecutor.java:222)
	at com.kms.katalon.core.main.TestSuiteExecutor.accessTestCaseMainPhase(TestSuiteExecutor.java:129)
	at com.kms.katalon.core.main.TestSuiteExecutor.accessTestSuiteMainPhase(TestSuiteExecutor.java:112)
	at com.kms.katalon.core.main.TestSuiteExecutor.execute(TestSuiteExecutor.java:81)
	at com.kms.katalon.core.main.TestCaseMain.startTestSuite(TestCaseMain.java:149)
	at com.kms.katalon.core.main.TestCaseMain$startTestSuite$0.call(Unknown Source)
	at TempTestSuite1544783724998.run(TempTestSuite1544783724998.groovy:36)]]></system-out>
         <system-err><![CDATA[2018-12-14 13:37:35 - [TEST_CASE][FAILED] - Test Cases/Masoko SignUp: Test Cases/Masoko SignUp FAILED.
Reason:
com.kms.katalon.core.exception.StepFailedException: Unable to verify text 'You must confirm your account. Please check your email for the confirmation link or click here for a new link.' is present  (Root cause: com.kms.katalon.core.exception.StepFailedException: Text 'You must confirm your account. Please check your email for the confirmation link or click here for a new link.' is not present on page )
	at com.kms.katalon.core.keyword.internal.KeywordMain.stepFailed(KeywordMain.groovy:36)
	at com.kms.katalon.core.webui.keyword.internal.WebUIKeywordMain.stepFailed(WebUIKeywordMain.groovy:65)
	at com.kms.katalon.core.webui.keyword.internal.WebUIKeywordMain.runKeyword(WebUIKeywordMain.groovy:27)
	at com.kms.katalon.core.webui.keyword.builtin.VerifyTextPresentKeyword.verifyTextPresent(VerifyTextPresentKeyword.groovy:83)
	at com.kms.katalon.core.webui.keyword.builtin.VerifyTextPresentKeyword.execute(VerifyTextPresentKeyword.groovy:68)
	at com.kms.katalon.core.keyword.internal.KeywordExecutor.executeKeywordForPlatform(KeywordExecutor.groovy:53)
	at com.kms.katalon.core.webui.keyword.WebUiBuiltInKeywords.verifyTextPresent(WebUiBuiltInKeywords.groovy:1693)
	at com.kms.katalon.core.webui.keyword.WebUiBuiltInKeywords$verifyTextPresent$5.call(Unknown Source)
	at Masoko SignUp.run(Masoko SignUp:48)
	at com.kms.katalon.core.main.ScriptEngine.run(ScriptEngine.java:194)
	at com.kms.katalon.core.main.ScriptEngine.runScriptAsRawText(ScriptEngine.java:119)
	at com.kms.katalon.core.main.TestCaseExecutor.runScript(TestCaseExecutor.java:321)
	at com.kms.katalon.core.main.TestCaseExecutor.doExecute(TestCaseExecutor.java:312)
	at com.kms.katalon.core.main.TestCaseExecutor.processExecutionPhase(TestCaseExecutor.java:291)
	at com.kms.katalon.core.main.TestCaseExecutor.accessMainPhase(TestCaseExecutor.java:283)
	at com.kms.katalon.core.main.TestCaseExecutor.execute(TestCaseExecutor.java:222)
	at com.kms.katalon.core.main.TestSuiteExecutor.accessTestCaseMainPhase(TestSuiteExecutor.java:129)
	at com.kms.katalon.core.main.TestSuiteExecutor.accessTestSuiteMainPhase(TestSuiteExecutor.java:112)
	at com.kms.katalon.core.main.TestSuiteExecutor.execute(TestSuiteExecutor.java:81)
	at com.kms.katalon.core.main.TestCaseMain.startTestSuite(TestCaseMain.java:149)
	at com.kms.katalon.core.main.TestCaseMain$startTestSuite$0.call(Unknown Source)
	at TempTestSuite1544783724998.run(TempTestSuite1544783724998.groovy:36)]]></system-err>
      </testcase>
      <system-out><![CDATA[2018-12-14 13:35:31 - [TEST_SUITE][FAILED] - Regression Suite: Test Cases/Masoko SignUp FAILED.
Reason:
com.kms.katalon.core.exception.StepFailedException: Unable to click on object 'Object Repository/Masoko SignUp/Page_Shop Online in Kenya - Pay Con/span_Register' (Root cause: com.kms.katalon.core.webui.exception.WebElementNotFoundException: Web element with id: 'Object Repository/Masoko SignUp/Page_Shop Online in Kenya - Pay Con/span_Register' located by 'By.xpath: (.//*[normalize-space(text()) and normalize-space(.)='You have no items in your shopping cart.'])[1]/following::span[1]' not found)
	at com.kms.katalon.core.keyword.internal.KeywordMain.stepFailed(KeywordMain.groovy:36)
	at com.kms.katalon.core.webui.keyword.internal.WebUIKeywordMain.stepFailed(WebUIKeywordMain.groovy:65)
	at com.kms.katalon.core.webui.keyword.internal.WebUIKeywordMain.runKeyword(WebUIKeywordMain.groovy:27)
	at com.kms.katalon.core.webui.keyword.builtin.ClickKeyword.click(ClickKeyword.groovy:86)
	at com.kms.katalon.core.webui.keyword.builtin.ClickKeyword.execute(ClickKeyword.groovy:67)
	at com.kms.katalon.core.keyword.internal.KeywordExecutor.executeKeywordForPlatform(KeywordExecutor.groovy:53)
	at com.kms.katalon.core.webui.keyword.WebUiBuiltInKeywords.click(WebUiBuiltInKeywords.groovy:616)
	at com.kms.katalon.core.webui.keyword.WebUiBuiltInKeywords$click$1.call(Unknown Source)
	at Masoko SignUp.run(Masoko SignUp:20)
	at com.kms.katalon.core.main.ScriptEngine.run(ScriptEngine.java:194)
	at com.kms.katalon.core.main.ScriptEngine.runScriptAsRawText(ScriptEngine.java:119)
	at com.kms.katalon.core.main.TestCaseExecutor.runScript(TestCaseExecutor.java:321)
	at com.kms.katalon.core.main.TestCaseExecutor.doExecute(TestCaseExecutor.java:312)
	at com.kms.katalon.core.main.TestCaseExecutor.processExecutionPhase(TestCaseExecutor.java:291)
	at com.kms.katalon.core.main.TestCaseExecutor.accessMainPhase(TestCaseExecutor.java:283)
	at com.kms.katalon.core.main.TestCaseExecutor.execute(TestCaseExecutor.java:222)
	at com.kms.katalon.core.main.TestSuiteExecutor.accessTestCaseMainPhase(TestSuiteExecutor.java:129)
	at com.kms.katalon.core.main.TestSuiteExecutor.accessTestSuiteMainPhase(TestSuiteExecutor.java:112)
	at com.kms.katalon.core.main.TestSuiteExecutor.execute(TestSuiteExecutor.java:81)
	at com.kms.katalon.core.main.TestCaseMain.startTestSuite(TestCaseMain.java:149)
	at com.kms.katalon.core.main.TestCaseMain$startTestSuite$0.call(Unknown Source)
	at TempTestSuite1544783724998.run(TempTestSuite1544783724998.groovy:36)]]></system-out>
      <system-err><![CDATA[2018-12-14 13:35:31 - [TEST_SUITE][FAILED] - Regression Suite: Test Cases/Masoko SignUp FAILED.
Reason:
com.kms.katalon.core.exception.StepFailedException: Unable to click on object 'Object Repository/Masoko SignUp/Page_Shop Online in Kenya - Pay Con/span_Register' (Root cause: com.kms.katalon.core.webui.exception.WebElementNotFoundException: Web element with id: 'Object Repository/Masoko SignUp/Page_Shop Online in Kenya - Pay Con/span_Register' located by 'By.xpath: (.//*[normalize-space(text()) and normalize-space(.)='You have no items in your shopping cart.'])[1]/following::span[1]' not found)
	at com.kms.katalon.core.keyword.internal.KeywordMain.stepFailed(KeywordMain.groovy:36)
	at com.kms.katalon.core.webui.keyword.internal.WebUIKeywordMain.stepFailed(WebUIKeywordMain.groovy:65)
	at com.kms.katalon.core.webui.keyword.internal.WebUIKeywordMain.runKeyword(WebUIKeywordMain.groovy:27)
	at com.kms.katalon.core.webui.keyword.builtin.ClickKeyword.click(ClickKeyword.groovy:86)
	at com.kms.katalon.core.webui.keyword.builtin.ClickKeyword.execute(ClickKeyword.groovy:67)
	at com.kms.katalon.core.keyword.internal.KeywordExecutor.executeKeywordForPlatform(KeywordExecutor.groovy:53)
	at com.kms.katalon.core.webui.keyword.WebUiBuiltInKeywords.click(WebUiBuiltInKeywords.groovy:616)
	at com.kms.katalon.core.webui.keyword.WebUiBuiltInKeywords$click$1.call(Unknown Source)
	at Masoko SignUp.run(Masoko SignUp:20)
	at com.kms.katalon.core.main.ScriptEngine.run(ScriptEngine.java:194)
	at com.kms.katalon.core.main.ScriptEngine.runScriptAsRawText(ScriptEngine.java:119)
	at com.kms.katalon.core.main.TestCaseExecutor.runScript(TestCaseExecutor.java:321)
	at com.kms.katalon.core.main.TestCaseExecutor.doExecute(TestCaseExecutor.java:312)
	at com.kms.katalon.core.main.TestCaseExecutor.processExecutionPhase(TestCaseExecutor.java:291)
	at com.kms.katalon.core.main.TestCaseExecutor.accessMainPhase(TestCaseExecutor.java:283)
	at com.kms.katalon.core.main.TestCaseExecutor.execute(TestCaseExecutor.java:222)
	at com.kms.katalon.core.main.TestSuiteExecutor.accessTestCaseMainPhase(TestSuiteExecutor.java:129)
	at com.kms.katalon.core.main.TestSuiteExecutor.accessTestSuiteMainPhase(TestSuiteExecutor.java:112)
	at com.kms.katalon.core.main.TestSuiteExecutor.execute(TestSuiteExecutor.java:81)
	at com.kms.katalon.core.main.TestCaseMain.startTestSuite(TestCaseMain.java:149)
	at com.kms.katalon.core.main.TestCaseMain$startTestSuite$0.call(Unknown Source)
	at TempTestSuite1544783724998.run(TempTestSuite1544783724998.groovy:36)]]></system-err>
   </testsuite>
</testsuites>
